<?xml version="1.0" encoding="UTF-8"?>
<testng-results ignored="0" total="1" passed="1" failed="0" skipped="0">
  <reporter-output>
  </reporter-output>
  <suite started-at="2026-05-08T17:19:46 IST" name="Default suite" finished-at="2026-05-08T17:19:46 IST" duration-ms="106">
    <groups>
      <group name="smoke">
        <method signature="Demo1Test.mangoTest()[pri:0, instance:Demo.Demo1Test@245b4bdc]" name="mangoTest" class="Demo.Demo1Test"/>
      </group> <!-- smoke -->
    </groups>
    <test started-at="2026-05-08T17:19:46 IST" name="Default test" finished-at="2026-05-08T17:19:46 IST" duration-ms="106">
      <class name="Demo.Demo1Test">
        <test-method signature="mangoTest()[pri:0, instance:Demo.Demo1Test@245b4bdc]" started-at="2026-05-08T17:19:46 IST" name="mangoTest" finished-at="2026-05-08T17:19:46 IST" duration-ms="18" status="PASS">
          <reporter-output>
          </reporter-output>
        </test-method> <!-- mangoTest -->
      </class> <!-- Demo.Demo1Test -->
    </test> <!-- Default test -->
  </suite> <!-- Default suite -->
</testng-results>
